<?xml version="1.0" encoding="UTF-8"?>
<!-- Generated by org.testng.reporters.JUnitReportReporter -->
<testsuite hostname="PNQ1-LHP-N91337" failures="0" tests="3" name="org.deepakjagtap.TestCase" time="66.398" errors="0" timestamp="2025-04-13T19:39:45 IST" skipped="0">
  <testcase classname="org.deepakjagtap.TestCase" name="verifyUserCanAddMultipleItemsInCartAndCheckTotalOfAllCartItemsPriceAndMakeOrder" time="24.073"/>
  <testcase classname="org.deepakjagtap.TestCase" name="verifyUserCanAddMultipleItemsInCartAndCheckTotalOfAllCartItemsPriceAndMakeOrder" time="25.884"/>
  <testcase classname="org.deepakjagtap.TestCase" name="verifyUserCanFillForm" time="16.441"/>
</testsuite> <!-- org.deepakjagtap.TestCase -->
