<?xml version="1.0" encoding="UTF-8"?>
<!-- Generated by org.testng.reporters.JUnitReportReporter -->
<testsuite hostname="PNQ1-LHP-N91337" failures="0" tests="2" name="org.deepakjagtap.eCommTest" time="81.301" errors="0" timestamp="2025-03-29T22:43:05 IST" skipped="0">
  <testcase classname="org.deepakjagtap.eCommTest" name="verifyUserCanAddMultipleItemsInCartAndCheckTotalOfAllCartItemsPriceAndMakeOrder" time="27.413"/>
  <testcase classname="org.deepakjagtap.eCommTest" name="verifyUserCanAddMultipleItemsInCartAndCheckTotalOfAllCartItemsPriceAndMakeOrder" time="53.888"/>
</testsuite> <!-- org.deepakjagtap.eCommTest -->
