<?xml version="1.0" encoding="UTF-8"?>
<!-- Generated by org.testng.reporters.JUnitXMLReporter -->
<testsuite ignored="0" hostname="PNQ1-LHP-N91337" failures="0" tests="1" name="Test-1" time="45.52" errors="0" timestamp="2025-03-29T00:59:27 IST">
  <testcase classname="org.deepakjagtap.TC_003_addToCart" name="verifyUserCanAddProductInCart_TC_003" time="23.189"/>
</testsuite> <!-- Test-1 -->
