<?xml version="1.0" encoding="UTF-8"?>
<!-- Generated by org.testng.reporters.JUnitXMLReporter -->
<testsuite ignored="0" hostname="PNQ1-LHP-N91337" failures="0" tests="1" name="Test-2" time="41.933" errors="0" timestamp="2025-03-29T00:59:23 IST">
  <testcase classname="org.deepakjagtap.TC_003_addToCart" name="verifyUserCanAddProductInCart_TC_003" time="18.823"/>
</testsuite> <!-- Test-2 -->
