<?xml version="1.0" encoding="UTF-8"?>
<!-- Generated by org.testng.reporters.JUnitXMLReporter -->
<testsuite ignored="0" hostname="PNQ1-LHP-N91337" failures="0" tests="1" name="Test-0" time="49.759" errors="0" timestamp="2025-03-29T00:59:30 IST">
  <testcase classname="org.deepakjagtap.TC_003_addToCart" name="verifyUserCanAddProductInCart_TC_003" time="27.137"/>
</testsuite> <!-- Test-0 -->
