<?xml version="1.0" encoding="UTF-8"?>
<!-- Generated by org.testng.reporters.JUnitReportReporter -->
<testsuite hostname="PNQ1-LHP-N91337" failures="0" tests="1" name="deepakjagtap.appium.LongPress" time="11.510" errors="0" timestamp="2025-03-26T12:27:11 IST" skipped="0">
  <testcase classname="deepakjagtap.appium.LongPress" name="longPressGesture" time="11.510"/>
</testsuite> <!-- deepakjagtap.appium.LongPress -->
