<?xml version="1.0" encoding="UTF-8"?>
<!-- Generated by org.testng.reporters.JUnitReportReporter -->
<testsuite hostname="PNQ1-LHP-N91337" failures="0" tests="1" name="deepakjagtap.appium.Rotate_AndroidKey_Clipboard" time="32.286" errors="0" timestamp="2025-03-26T22:30:35 IST" skipped="0">
  <testcase classname="deepakjagtap.appium.Rotate_AndroidKey_Clipboard" name="miscellanousAppiumTest" time="32.286"/>
</testsuite> <!-- deepakjagtap.appium.Rotate_AndroidKey_Clipboard -->
