<?xml version="1.0" encoding="UTF-8"?>
<!-- Generated by org.testng.reporters.JUnitReportReporter -->
<testsuite hostname="PNQ1-LHP-N91337" failures="0" tests="1" name="deepakjagtap.appium.eCommerce_TestCases" time="26.768" errors="0" timestamp="2025-03-27T12:48:24 IST" skipped="0">
  <testcase classname="deepakjagtap.appium.eCommerce_TestCases" name="verifyUserCanAddProductInCart_TC_003" time="26.768"/>
</testsuite> <!-- deepakjagtap.appium.eCommerce_TestCases -->
