<?xml version="1.0" encoding="UTF-8"?>
<!-- Generated by org.testng.reporters.JUnitReportReporter -->
<testsuite hostname="PNQ1-LHP-N91337" failures="0" tests="1" name="deepakjagtap.appium.MobileBrowserTest" time="20.734" errors="0" timestamp="2025-03-27T23:13:20 IST" skipped="0">
  <testcase classname="deepakjagtap.appium.MobileBrowserTest" name="scrollAction" time="20.734"/>
</testsuite> <!-- deepakjagtap.appium.MobileBrowserTest -->
