<?xml version="1.0" encoding="UTF-8"?>
<!-- Generated by org.testng.reporters.JUnitReportReporter -->
<testsuite hostname="PNQ1-LHP-N91337" failures="0" tests="1" name="deepakjagtap.appium.ActivityDemo" time="17.008" errors="0" timestamp="2025-03-26T22:55:08 IST" skipped="0">
  <testcase classname="deepakjagtap.appium.ActivityDemo" name="activityToStartDirectlyToDesiredPage" time="17.008"/>
</testsuite> <!-- deepakjagtap.appium.ActivityDemo -->
