<?xml version="1.0" encoding="UTF-8"?>
<!-- Generated by org.testng.reporters.JUnitReportReporter -->
<testsuite hostname="PNQ1-LHP-N91337" failures="0" tests="1" name="deepakjagtap.appium.DragDropDemo" time="19.769" errors="0" timestamp="2025-03-26T19:52:49 IST" skipped="0">
  <testcase classname="deepakjagtap.appium.DragDropDemo" name="DragDropTest" time="19.769"/>
</testsuite> <!-- deepakjagtap.appium.DragDropDemo -->
