<?xml version="1.0" encoding="UTF-8"?>
<!-- Generated by org.testng.reporters.JUnitReportReporter -->
<testsuite hostname="PNQ1-LHP-N91337" failures="0" tests="1" name="deepakjagtap.appium.TestCases" time="17.441" errors="0" timestamp="2025-03-26T19:58:27 IST" skipped="0">
  <testcase classname="deepakjagtap.appium.TestCases" name="DragDropTest" time="17.441"/>
</testsuite> <!-- deepakjagtap.appium.TestCases -->
