<?xml version="1.0" encoding="UTF-8"?>
<!-- Generated by org.testng.reporters.JUnitReportReporter -->
<testsuite hostname="PNQ1-LHP-N91337" failures="0" tests="2" name="deepakjagtap.appium.TestCases" time="30.417" errors="0" timestamp="2025-03-26T12:57:50 IST" skipped="0">
  <testcase classname="deepakjagtap.appium.TestCases" name="VerifyUserCanDoWifiSettingAndEnterInput" time="15.069"/>
  <testcase classname="deepakjagtap.appium.TestCases" name="longPress_Gesture" time="15.348"/>
</testsuite> <!-- deepakjagtap.appium.TestCases -->
