<?xml version="1.0" encoding="UTF-8"?>
<!-- Generated by org.testng.reporters.JUnitReportReporter -->
<testsuite hostname="PNQ1-LHP-N91337" failures="0" tests="1" name="deepakjagtap.appium.eCommerce_TestCases" time="39.576" errors="0" timestamp="2025-03-27T22:20:41 IST" skipped="0">
  <testcase classname="deepakjagtap.appium.eCommerce_TestCases" name="verifyUserCanHandleNativeAsWellWebApp" time="39.576"/>
</testsuite> <!-- deepakjagtap.appium.eCommerce_TestCases -->
