<?xml version="1.0" encoding="UTF-8"?>
<!-- Generated by org.testng.reporters.JUnitReportReporter -->
<testsuite hostname="PNQ1-LHP-N91337" failures="0" tests="1" name="deepakjagtap.appium.AppiumBasics" time="9.779" errors="0" timestamp="2025-03-25T17:07:20 IST" skipped="0">
  <testcase classname="deepakjagtap.appium.AppiumBasics" name="VerifyUserCanDoWifiSettingAndEnterInput" time="9.779"/>
</testsuite> <!-- deepakjagtap.appium.AppiumBasics -->
