<?xml version="1.0" encoding="UTF-8"?>
<!-- Generated by org.testng.reporters.JUnitReportReporter -->
<testsuite hostname="PNQ1-LHP-N91337" failures="0" tests="4" name="deepakjagtap.appium.TestCases" time="90.429" errors="0" timestamp="2025-03-26T16:20:48 IST" skipped="0">
  <testcase classname="deepakjagtap.appium.TestCases" name="longPress_Gesture" time="20.129"/>
  <testcase classname="deepakjagtap.appium.TestCases" name="VerifyUserCanDoWifiSettingAndEnterInput" time="21.662"/>
  <testcase classname="deepakjagtap.appium.TestCases" name="verifyUserCan_ScrollToDesiredText_WithGooglePlugin" time="22.618"/>
  <testcase classname="deepakjagtap.appium.TestCases" name="verifyUserCan_ScrollToEnd_WithJSExcecutor" time="26.020"/>
</testsuite> <!-- deepakjagtap.appium.TestCases -->
