<?xml version="1.0" encoding="UTF-8"?>
<!-- Generated by org.testng.reporters.JUnitReportReporter -->
<testsuite hostname="PNQ1-LHP-N91337" failures="0" tests="4" name="deepakjagtap.appium.TestCases" time="40.379" errors="0" timestamp="2025-03-26T15:58:29 IST" skipped="2">
  <testcase classname="deepakjagtap.appium.TestCases" name="VerifyUserCanDoWifiSettingAndEnterInput" time="18.533"/>
  <testcase classname="deepakjagtap.appium.TestCases" name="verifyUserCan_ScrollToDesiredText_WithGooglePlugin" time="21.846"/>
  <testcase classname="deepakjagtap.appium.TestCases" name="longPress_Gesture">
    <skipped/>
  </testcase> <!-- longPress_Gesture -->
  <testcase classname="deepakjagtap.appium.TestCases" name="verifyUserCan_ScrollToEnd_WithJSExcecutor">
    <skipped/>
  </testcase> <!-- verifyUserCan_ScrollToEnd_WithJSExcecutor -->
</testsuite> <!-- deepakjagtap.appium.TestCases -->
