<?xml version="1.0" encoding="UTF-8"?>
<!-- Generated by org.testng.reporters.JUnitReportReporter -->
<testsuite hostname="PNQ1-LHP-N91337" failures="0" tests="1" name="deepakjagtap.appium.eCommerce_TC_001" time="26.795" errors="0" timestamp="2025-03-27T10:38:37 IST" skipped="0">
  <testcase classname="deepakjagtap.appium.eCommerce_TC_001" name="fillForm" time="26.795"/>
</testsuite> <!-- deepakjagtap.appium.eCommerce_TC_001 -->
