<?xml version="1.0" encoding="UTF-8"?>
<!-- Generated by org.testng.reporters.JUnitReportReporter -->
<testsuite hostname="PNQ1-LHP-N91337" failures="0" tests="1" name="deepakjagtap.appium.scrollAction" time="15.909" errors="0" timestamp="2025-03-26T14:52:50 IST" skipped="0">
  <testcase classname="deepakjagtap.appium.scrollAction" name="scrollWithGooglePlugin" time="15.909"/>
</testsuite> <!-- deepakjagtap.appium.scrollAction -->
