<?xml version="1.0" encoding="UTF-8"?>
<!-- Generated by org.testng.reporters.JUnitReportReporter -->
<testsuite hostname="PNQ1-LHP-N91337" failures="0" tests="1" name="deepakjagtap.appium.eCommerce_Native_And_Hybrid_APP" time="25.437" errors="0" timestamp="2025-03-27T22:44:58 IST" skipped="0">
  <testcase classname="deepakjagtap.appium.eCommerce_Native_And_Hybrid_APP" name="verifyUserCanFillFormAndSucessfullyNavigateToHomePage_TC_001" time="25.437"/>
</testsuite> <!-- deepakjagtap.appium.eCommerce_Native_And_Hybrid_APP -->
