<?xml version="1.0" encoding="UTF-8"?>
<!-- Generated by org.testng.reporters.JUnitReportReporter -->
<testsuite hostname="PNQ1-LHP-N91337" failures="0" tests="1" name="assignment.Udemy_39" time="4.733" errors="0" timestamp="2025-08-14T20:23:20 IST" skipped="0">
  <testcase classname="assignment.Udemy_39" name="okCancelDialogWithMessage" time="4.733"/>
  <system-out/>
</testsuite> <!-- assignment.Udemy_39 -->
