<?xml version="1.0" encoding="UTF-8"?>
<!-- Generated by org.testng.reporters.JUnitReportReporter -->
<testsuite hostname="PNQ1-LHP-N91337" failures="0" tests="1" name="udemy_BasicPractice.DeviceRotationTest" time="15.613" errors="0" timestamp="2025-08-14T22:51:10 IST" skipped="0">
  <testcase classname="udemy_BasicPractice.DeviceRotationTest" name="DeviceRotationDemo" time="15.613"/>
  <system-out/>
</testsuite> <!-- udemy_BasicPractice.DeviceRotationTest -->
