<?xml version="1.0" encoding="UTF-8"?>
<!-- Generated by org.testng.reporters.JUnitReportReporter -->
<testsuite hostname="PNQ1-LHP-N91337" failures="0" tests="1" name="udemy_BasicPractice.LongPressAppDemoTest" time="7.074" errors="0" timestamp="2025-08-14T19:00:23 IST" skipped="0">
  <testcase classname="udemy_BasicPractice.LongPressAppDemoTest" name="LongPressGesture" time="7.074"/>
  <system-out/>
</testsuite> <!-- udemy_BasicPractice.LongPressAppDemoTest -->
