<?xml version="1.0" encoding="UTF-8"?>
<!-- Generated by org.testng.reporters.JUnitReportReporter -->
<testsuite hostname="PNQ1-LHP-N91337" failures="0" tests="1" name="udemy_BasicPractice.paytm" time="0.008" errors="0" timestamp="2025-08-15T12:53:37 IST" skipped="0">
  <testcase classname="udemy_BasicPractice.paytm" name="Miscellanous" time="0.008"/>
  <system-out/>
</testsuite> <!-- udemy_BasicPractice.paytm -->
