<?xml version="1.0" encoding="UTF-8"?>
<!-- Generated by org.testng.reporters.JUnitReportReporter -->
<testsuite hostname="PNQ1-LHP-N91337" failures="0" tests="1" name="udemy_BasicPractice.DragDropDemoTest" time="5.473" errors="0" timestamp="2025-08-14T19:55:50 IST" skipped="0">
  <testcase classname="udemy_BasicPractice.DragDropDemoTest" name="DragDropDemo" time="5.473"/>
  <system-out/>
</testsuite> <!-- udemy_BasicPractice.DragDropDemoTest -->
