<?xml version="1.0" encoding="UTF-8"?>
<!-- Generated by org.testng.reporters.JUnitReportReporter -->
<testsuite hostname="PNQ1-LHP-N91337" failures="0" tests="1" name="appium2.AppiumBasics" time="8.118" errors="0" timestamp="2025-08-13T23:10:35 IST" skipped="0">
  <testcase classname="appium2.AppiumBasics" name="WifiSettingsName" time="8.118"/>
</testsuite> <!-- appium2.AppiumBasics -->
