<?xml version="1.0" encoding="UTF-8"?>
<!-- Generated by org.testng.reporters.JUnitReportReporter -->
<testsuite hostname="PNQ1-LHP-N91337" failures="0" tests="1" name="udemy_BasicPractice.ScrollDemo" time="8.786" errors="0" timestamp="2025-08-14T19:28:16 IST" skipped="0">
  <testcase classname="udemy_BasicPractice.ScrollDemo" name="ScrollDemoGesture" time="8.786"/>
  <system-out/>
</testsuite> <!-- udemy_BasicPractice.ScrollDemo -->
