<?xml version="1.0" encoding="UTF-8"?>
<!-- Generated by org.testng.reporters.JUnitReportReporter -->
<testsuite hostname="PNQ1-LHP-N91337" failures="0" tests="1" name="udemy_BasicPractice.SwipeDemoTest" time="6.532" errors="0" timestamp="2025-08-14T19:33:20 IST" skipped="0">
  <testcase classname="udemy_BasicPractice.SwipeDemoTest" name="SwipeDemo" time="6.532"/>
  <system-out/>
</testsuite> <!-- udemy_BasicPractice.SwipeDemoTest -->
