<?xml version="1.0" encoding="UTF-8"?>
<!-- Generated by org.testng.reporters.JUnitReportReporter -->
<testsuite hostname="PNQ1-LHP-N91337" failures="0" tests="1" name="udemy_BasicPractice.copy.AppiumBasics" time="8.033" errors="0" timestamp="2025-08-14T00:31:28 IST" skipped="0">
  <testcase classname="udemy_BasicPractice.copy.AppiumBasics" name="WifiSettingsName" time="8.033"/>
  <system-out/>
</testsuite> <!-- udemy_BasicPractice.copy.AppiumBasics -->
