<?xml version="1.0" encoding="UTF-8"?>
<!-- Generated by org.testng.reporters.JUnitReportReporter -->
<testsuite hostname="PNQ1-LHP-N91337" failures="0" tests="1" name="udemy_BasicPractice.ECom1_FormFilling" time="26.706" errors="0" timestamp="2025-08-15T15:40:35 IST" skipped="0">
  <testcase classname="udemy_BasicPractice.ECom1_FormFilling" name="addDesiredProductToCart" time="26.706"/>
  <system-out/>
</testsuite> <!-- udemy_BasicPractice.ECom1_FormFilling -->
