<?xml version="1.0" encoding="UTF-8"?>
<!-- Generated by org.testng.reporters.JUnitReportReporter -->
<testsuite hostname="PNQ1-LHP-N91337" failures="0" tests="3" name="org.deepakjagtap.eCommTestCases" time="94.477" errors="0" timestamp="2025-03-29T22:09:09 IST" skipped="0">
  <testcase classname="org.deepakjagtap.eCommTestCases" name="verifyUserCanAddMultipleItemsInCartAndCheckTotalOfAllCartItemsPriceAndMakeOrder" time="27.301"/>
  <testcase classname="org.deepakjagtap.eCommTestCases" name="verifyUserCanAddMultipleItemsInCartAndCheckTotalOfAllCartItemsPriceAndMakeOrder" time="54.764"/>
  <testcase classname="org.deepakjagtap.eCommTestCases" name="verifyToastMessagesForErrorValidation_TC_002" time="12.412"/>
</testsuite> <!-- org.deepakjagtap.eCommTestCases -->
