<?xml version="1.0" encoding="UTF-8"?>
<!-- Generated by org.testng.reporters.JUnitReportReporter -->
<testsuite hostname="PNQ1-LHP-N91337" failures="0" tests="2" name="org.deepakjagtap.eCommTestCases" time="115.821" errors="0" timestamp="2025-03-29T00:04:02 IST" skipped="0">
  <testcase classname="org.deepakjagtap.eCommTestCases" name="verifyUserCanAddMultipleItemsInCartAndCheckTotalOfAllCartItemsPriceAndMakeOrder" time="40.736"/>
  <testcase classname="org.deepakjagtap.eCommTestCases" name="verifyUserCanAddMultipleItemsInCartAndCheckTotalOfAllCartItemsPriceAndMakeOrder" time="75.085"/>
</testsuite> <!-- org.deepakjagtap.eCommTestCases -->
