<?xml version="1.0" encoding="UTF-8"?>
<!-- Generated by org.testng.reporters.JUnitReportReporter -->
<testsuite hostname="PNQ1-LHP-N91337" failures="0" tests="1" name="org.deepakjagtap.eCommTestCases" time="41.908" errors="0" timestamp="2025-03-28T17:36:14 IST" skipped="0">
  <testcase classname="org.deepakjagtap.eCommTestCases" name="verifyUserCanAddMultipleItemsInCartAndCheckTotalOfAllCartItemsPriceAndMakeOrder" time="41.908"/>
</testsuite> <!-- org.deepakjagtap.eCommTestCases -->
