<?xml version="1.0" encoding="UTF-8"?>
<!-- Generated by org.testng.reporters.JUnitReportReporter -->
<testsuite hostname="PNQ1-LHP-N91337" failures="0" tests="6" name="org.deepakjagtap.eCommTestCases" time="309.666" errors="6" timestamp="2025-03-29T00:57:59 IST" skipped="0">
  <testcase classname="org.deepakjagtap.eCommTestCases" name="verifyUserCanAddMultipleItemsInCartAndCheckTotalOfAllCartItemsPriceAndMakeOrder" time="34.540">
    <error message="Unknown mobile command &quot;longClickGesture&quot;. Only shell,scrollBackTo,viewportScreenshot,deepLink,startLogsBroadcast,stopLogsBroadcast,acceptAlert,dismissAlert,batteryInfo,deviceInfo,changePermissions,getPermissions,performEditorAction,startScreenStreaming,stopScreenStreaming,getNotifications,listSms,type commands are supported.
Build info: version: &#039;4.30.0&#039;, revision: &#039;509c7f17cc*&#039;
System info: os.name: &#039;Windows 11&#039;, os.arch: &#039;amd64&#039;, os.version: &#039;10.0&#039;, java.version: &#039;21.0.5&#039;
Driver info: io.appium.java_client.android.AndroidDriver
Command: [f19e45edfb62402881a8f9a8abd650b5c5d851f3, executeScript {args=[{elementId=3eef42df-81d8-4c5f-a725-5856f78c9ca7, duration=2000}], script=mobile:longClickGesture}]
Capabilities {appium:appActivity: com.androidsample.generalst..., appium:appPackage: com.androidsample.generalstore, appium:automationName: uiautomator2, appium:bundleID: com.androidsample.generalstore, appium:bundleId: com.androidsample.generalstore, appium:chromedriverPort: 18080, appium:chromedriverPorts: [[18100, 18110]], appium:databaseEnabled: false, appium:desired: {appActivity: com.androidsample.generalst..., appPackage: com.androidsample.generalstore, automationName: uiautomator2, bstack:options: {buildIdentifier: #4, disableAnimations: true, hostName: PNQ1-LHP-N91337, localIdentifier: 29_Mar_055_PNQ1_LHP_N91337_...}, bundleID: com.androidsample.generalstore, bundleId: com.androidsample.generalstore, chromedriverPort: 18080, chromedriverPorts: [[18100, 18110]], deviceName: pixel 3a, disableSuppressAccessibilityService: true, goog:chromeOptions: {}, nativeWebScreenshot: true, newCommandTimeout: 0, platformName: Android, skipServerInstallation: true, systemPort: 8200, udid: 1B031FDEE007KR}, appium:deviceApiLevel: 31, appium:deviceManufacturer: Google, appium:deviceModel: Pixel 6 Pro, appium:deviceName: 1B031FDEE007KR, appium:deviceScreenDensity: 560, appium:deviceScreenSize: 1440x3120, appium:deviceUDID: 1B031FDEE007KR, appium:disableSuppressAccessibilityService: true, appium:javascriptEnabled: true, appium:locationContextEnabled: false, appium:nativeWebScreenshot: true, appium:networkConnectionEnabled: true, appium:newCommandTimeout: 0, appium:optimalHubUrl: hub-aps.browserstack.com, appium:pixelRatio: 3.5, appium:platformVersion: 12, appium:skipServerInstallation: true, appium:statBarHeight: 145, appium:systemPort: 8200, appium:takesScreenshot: true, appium:udid: 1B031FDEE007KR, appium:viewportRect: {height: 2789, left: 0, top: 145, width: 1440}, appium:warnings: {}, appium:webStorageEnabled: false, bstack:options: {buildIdentifier: #4, disableAnimations: true, hostName: PNQ1-LHP-N91337, localIdentifier: 29_Mar_055_PNQ1_LHP_N91337_...}, goog:chromeOptions: {}, platformName: ANDROID}
Session ID: f19e45edfb62402881a8f9a8abd650b5c5d851f3" type="org.openqa.selenium.UnsupportedCommandException">
      <![CDATA[org.openqa.selenium.UnsupportedCommandException: Unknown mobile command "longClickGesture". Only shell,scrollBackTo,viewportScreenshot,deepLink,startLogsBroadcast,stopLogsBroadcast,acceptAlert,dismissAlert,batteryInfo,deviceInfo,changePermissions,getPermissions,performEditorAction,startScreenStreaming,stopScreenStreaming,getNotifications,listSms,type commands are supported.
Build info: version: '4.30.0', revision: '509c7f17cc*'
System info: os.name: 'Windows 11', os.arch: 'amd64', os.version: '10.0', java.version: '21.0.5'
Driver info: io.appium.java_client.android.AndroidDriver
Command: [f19e45edfb62402881a8f9a8abd650b5c5d851f3, executeScript {args=[{elementId=3eef42df-81d8-4c5f-a725-5856f78c9ca7, duration=2000}], script=mobile:longClickGesture}]
Capabilities {appium:appActivity: com.androidsample.generalst..., appium:appPackage: com.androidsample.generalstore, appium:automationName: uiautomator2, appium:bundleID: com.androidsample.generalstore, appium:bundleId: com.androidsample.generalstore, appium:chromedriverPort: 18080, appium:chromedriverPorts: [[18100, 18110]], appium:databaseEnabled: false, appium:desired: {appActivity: com.androidsample.generalst..., appPackage: com.androidsample.generalstore, automationName: uiautomator2, bstack:options: {buildIdentifier: #4, disableAnimations: true, hostName: PNQ1-LHP-N91337, localIdentifier: 29_Mar_055_PNQ1_LHP_N91337_...}, bundleID: com.androidsample.generalstore, bundleId: com.androidsample.generalstore, chromedriverPort: 18080, chromedriverPorts: [[18100, 18110]], deviceName: pixel 3a, disableSuppressAccessibilityService: true, goog:chromeOptions: {}, nativeWebScreenshot: true, newCommandTimeout: 0, platformName: Android, skipServerInstallation: true, systemPort: 8200, udid: 1B031FDEE007KR}, appium:deviceApiLevel: 31, appium:deviceManufacturer: Google, appium:deviceModel: Pixel 6 Pro, appium:deviceName: 1B031FDEE007KR, appium:deviceScreenDensity: 560, appium:deviceScreenSize: 1440x3120, appium:deviceUDID: 1B031FDEE007KR, appium:disableSuppressAccessibilityService: true, appium:javascriptEnabled: true, appium:locationContextEnabled: false, appium:nativeWebScreenshot: true, appium:networkConnectionEnabled: true, appium:newCommandTimeout: 0, appium:optimalHubUrl: hub-aps.browserstack.com, appium:pixelRatio: 3.5, appium:platformVersion: 12, appium:skipServerInstallation: true, appium:statBarHeight: 145, appium:systemPort: 8200, appium:takesScreenshot: true, appium:udid: 1B031FDEE007KR, appium:viewportRect: {height: 2789, left: 0, top: 145, width: 1440}, appium:warnings: {}, appium:webStorageEnabled: false, bstack:options: {buildIdentifier: #4, disableAnimations: true, hostName: PNQ1-LHP-N91337, localIdentifier: 29_Mar_055_PNQ1_LHP_N91337_...}, goog:chromeOptions: {}, platformName: ANDROID}
Session ID: f19e45edfb62402881a8f9a8abd650b5c5d851f3
at java.base/jdk.internal.reflect.DirectConstructorHandleAccessor.newInstance(DirectConstructorHandleAccessor.java:62)
at java.base/java.lang.reflect.Constructor.newInstanceWithCaller(Constructor.java:502)
at java.base/java.lang.reflect.Constructor.newInstance(Constructor.java:486)
at org.openqa.selenium.remote.ErrorCodec.decode(ErrorCodec.java:167)
at org.openqa.selenium.remote.codec.w3c.W3CHttpResponseCodec.decode(W3CHttpResponseCodec.java:138)
at org.openqa.selenium.remote.codec.w3c.W3CHttpResponseCodec.decode(W3CHttpResponseCodec.java:50)
at org.openqa.selenium.remote.HttpCommandExecutor.execute(HttpCommandExecutor.java:215)
at io.appium.java_client.remote.AppiumCommandExecutor.execute(AppiumCommandExecutor.java:243)
at org.openqa.selenium.remote.RemoteWebDriver.execute(RemoteWebDriver.java:545)
at org.openqa.selenium.remote.RemoteWebDriver.executeScript(RemoteWebDriver.java:476)
at ord.deepakjagtap.utils.AndroidActions.longPressAction(AndroidActions.java:21)
at org.deepakjagtap.pageObjects.android.CartPage.acceptTermsConditions(CartPage.java:65)
at org.deepakjagtap.eCommTestCases.verifyUserCanAddMultipleItemsInCartAndCheckTotalOfAllCartItemsPriceAndMakeOrder(eCommTestCases.java:31)
at java.base/jdk.internal.reflect.DirectMethodHandleAccessor.invoke(DirectMethodHandleAccessor.java:103)
at java.base/java.lang.reflect.Method.invoke(Method.java:580)
at org.testng.internal.invokers.MethodInvocationHelper.invokeMethod(MethodInvocationHelper.java:141)
at org.testng.internal.invokers.TestInvoker.invokeMethod(TestInvoker.java:687)
at org.testng.internal.invokers.TestInvoker.invokeTestMethod(TestInvoker.java:230)
at org.testng.internal.invokers.MethodRunner.runInSequence(MethodRunner.java:63)
at org.testng.internal.invokers.TestInvoker$MethodInvocationAgent.invoke(TestInvoker.java:995)
at org.testng.internal.invokers.TestInvoker.invokeTestMethods(TestInvoker.java:203)
at org.testng.internal.invokers.TestMethodWorker.invokeTestMethods(TestMethodWorker.java:154)
at org.testng.internal.invokers.TestMethodWorker.run(TestMethodWorker.java:134)
at java.base/java.util.ArrayList.forEach(ArrayList.java:1596)
at org.testng.TestRunner.privateRun(TestRunner.java:741)
at org.testng.TestRunner.run(TestRunner.java:616)
at org.testng.SuiteRunner.runTest(SuiteRunner.java:421)
at org.testng.SuiteRunner$SuiteWorker.run(SuiteRunner.java:463)
at org.testng.internal.thread.ThreadUtil.lambda$execute$0(ThreadUtil.java:64)
at java.base/java.util.concurrent.FutureTask.run(FutureTask.java:317)
at java.base/java.util.concurrent.ThreadPoolExecutor.runWorker(ThreadPoolExecutor.java:1144)
at java.base/java.util.concurrent.ThreadPoolExecutor$Worker.run(ThreadPoolExecutor.java:642)
at java.base/java.lang.Thread.run(Thread.java:1583)
]]>
    </error>
  </testcase> <!-- verifyUserCanAddMultipleItemsInCartAndCheckTotalOfAllCartItemsPriceAndMakeOrder -->
  <testcase classname="org.deepakjagtap.eCommTestCases" name="verifyUserCanAddMultipleItemsInCartAndCheckTotalOfAllCartItemsPriceAndMakeOrder" time="54.918">
    <error message="Unknown mobile command &quot;longClickGesture&quot;. Only shell,scrollBackTo,viewportScreenshot,deepLink,startLogsBroadcast,stopLogsBroadcast,acceptAlert,dismissAlert,batteryInfo,deviceInfo,changePermissions,getPermissions,performEditorAction,startScreenStreaming,stopScreenStreaming,getNotifications,listSms,type commands are supported.
Build info: version: &#039;4.30.0&#039;, revision: &#039;509c7f17cc*&#039;
System info: os.name: &#039;Windows 11&#039;, os.arch: &#039;amd64&#039;, os.version: &#039;10.0&#039;, java.version: &#039;21.0.5&#039;
Driver info: io.appium.java_client.android.AndroidDriver
Command: [925a1e2b2829d833c3bf7e5d3c22873cbad09412, executeScript {args=[{elementId=f0177e17-ef40-4ac6-ae33-b608d1b5d371, duration=2000}], script=mobile:longClickGesture}]
Capabilities {appium:appActivity: com.androidsample.generalst..., appium:appPackage: com.androidsample.generalstore, appium:automationName: uiautomator2, appium:bundleID: com.androidsample.generalstore, appium:bundleId: com.androidsample.generalstore, appium:chromedriverExecutable: c://users//deepak.jagtap//d..., appium:chromedriverPort: 18081, appium:chromedriverPorts: [[18111, 18121]], appium:databaseEnabled: false, appium:desired: {appActivity: com.androidsample.generalst..., appPackage: com.androidsample.generalstore, automationName: uiautomator2, bstack:options: {buildIdentifier: #4, disableAnimations: true, hostName: PNQ1-LHP-N91337, localIdentifier: 29_Mar_055_PNQ1_LHP_N91337_...}, bundleID: com.androidsample.generalstore, bundleId: com.androidsample.generalstore, chromedriverExecutable: c://users//deepak.jagtap//d..., chromedriverPort: 18081, chromedriverPorts: [[18111, 18121]], deviceName: pixel 3a, disableSuppressAccessibilityService: true, goog:chromeOptions: {}, nativeWebScreenshot: true, newCommandTimeout: 0, platformName: Android, skipServerInstallation: true, systemPort: 8201, udid: 23091FDEE006ZG}, appium:deviceApiLevel: 31, appium:deviceManufacturer: Google, appium:deviceModel: Pixel 6 Pro, appium:deviceName: 23091FDEE006ZG, appium:deviceScreenDensity: 560, appium:deviceScreenSize: 1440x3120, appium:deviceUDID: 23091FDEE006ZG, appium:disableSuppressAccessibilityService: true, appium:javascriptEnabled: true, appium:locationContextEnabled: false, appium:nativeWebScreenshot: true, appium:networkConnectionEnabled: true, appium:newCommandTimeout: 0, appium:optimalHubUrl: hub-aps.browserstack.com, appium:pixelRatio: 3.5, appium:platformVersion: 12, appium:skipServerInstallation: true, appium:statBarHeight: 145, appium:systemPort: 8201, appium:takesScreenshot: true, appium:udid: 23091FDEE006ZG, appium:viewportRect: {height: 2789, left: 0, top: 145, width: 1440}, appium:warnings: {}, appium:webStorageEnabled: false, bstack:options: {buildIdentifier: #4, disableAnimations: true, hostName: PNQ1-LHP-N91337, localIdentifier: 29_Mar_055_PNQ1_LHP_N91337_...}, goog:chromeOptions: {}, platformName: ANDROID}
Session ID: 925a1e2b2829d833c3bf7e5d3c22873cbad09412" type="org.openqa.selenium.UnsupportedCommandException">
      <![CDATA[org.openqa.selenium.UnsupportedCommandException: Unknown mobile command "longClickGesture". Only shell,scrollBackTo,viewportScreenshot,deepLink,startLogsBroadcast,stopLogsBroadcast,acceptAlert,dismissAlert,batteryInfo,deviceInfo,changePermissions,getPermissions,performEditorAction,startScreenStreaming,stopScreenStreaming,getNotifications,listSms,type commands are supported.
Build info: version: '4.30.0', revision: '509c7f17cc*'
System info: os.name: 'Windows 11', os.arch: 'amd64', os.version: '10.0', java.version: '21.0.5'
Driver info: io.appium.java_client.android.AndroidDriver
Command: [925a1e2b2829d833c3bf7e5d3c22873cbad09412, executeScript {args=[{elementId=f0177e17-ef40-4ac6-ae33-b608d1b5d371, duration=2000}], script=mobile:longClickGesture}]
Capabilities {appium:appActivity: com.androidsample.generalst..., appium:appPackage: com.androidsample.generalstore, appium:automationName: uiautomator2, appium:bundleID: com.androidsample.generalstore, appium:bundleId: com.androidsample.generalstore, appium:chromedriverExecutable: c://users//deepak.jagtap//d..., appium:chromedriverPort: 18081, appium:chromedriverPorts: [[18111, 18121]], appium:databaseEnabled: false, appium:desired: {appActivity: com.androidsample.generalst..., appPackage: com.androidsample.generalstore, automationName: uiautomator2, bstack:options: {buildIdentifier: #4, disableAnimations: true, hostName: PNQ1-LHP-N91337, localIdentifier: 29_Mar_055_PNQ1_LHP_N91337_...}, bundleID: com.androidsample.generalstore, bundleId: com.androidsample.generalstore, chromedriverExecutable: c://users//deepak.jagtap//d..., chromedriverPort: 18081, chromedriverPorts: [[18111, 18121]], deviceName: pixel 3a, disableSuppressAccessibilityService: true, goog:chromeOptions: {}, nativeWebScreenshot: true, newCommandTimeout: 0, platformName: Android, skipServerInstallation: true, systemPort: 8201, udid: 23091FDEE006ZG}, appium:deviceApiLevel: 31, appium:deviceManufacturer: Google, appium:deviceModel: Pixel 6 Pro, appium:deviceName: 23091FDEE006ZG, appium:deviceScreenDensity: 560, appium:deviceScreenSize: 1440x3120, appium:deviceUDID: 23091FDEE006ZG, appium:disableSuppressAccessibilityService: true, appium:javascriptEnabled: true, appium:locationContextEnabled: false, appium:nativeWebScreenshot: true, appium:networkConnectionEnabled: true, appium:newCommandTimeout: 0, appium:optimalHubUrl: hub-aps.browserstack.com, appium:pixelRatio: 3.5, appium:platformVersion: 12, appium:skipServerInstallation: true, appium:statBarHeight: 145, appium:systemPort: 8201, appium:takesScreenshot: true, appium:udid: 23091FDEE006ZG, appium:viewportRect: {height: 2789, left: 0, top: 145, width: 1440}, appium:warnings: {}, appium:webStorageEnabled: false, bstack:options: {buildIdentifier: #4, disableAnimations: true, hostName: PNQ1-LHP-N91337, localIdentifier: 29_Mar_055_PNQ1_LHP_N91337_...}, goog:chromeOptions: {}, platformName: ANDROID}
Session ID: 925a1e2b2829d833c3bf7e5d3c22873cbad09412
at java.base/jdk.internal.reflect.DirectConstructorHandleAccessor.newInstance(DirectConstructorHandleAccessor.java:62)
at java.base/java.lang.reflect.Constructor.newInstanceWithCaller(Constructor.java:502)
at java.base/java.lang.reflect.Constructor.newInstance(Constructor.java:486)
at org.openqa.selenium.remote.ErrorCodec.decode(ErrorCodec.java:167)
at org.openqa.selenium.remote.codec.w3c.W3CHttpResponseCodec.decode(W3CHttpResponseCodec.java:138)
at org.openqa.selenium.remote.codec.w3c.W3CHttpResponseCodec.decode(W3CHttpResponseCodec.java:50)
at org.openqa.selenium.remote.HttpCommandExecutor.execute(HttpCommandExecutor.java:215)
at io.appium.java_client.remote.AppiumCommandExecutor.execute(AppiumCommandExecutor.java:243)
at org.openqa.selenium.remote.RemoteWebDriver.execute(RemoteWebDriver.java:545)
at org.openqa.selenium.remote.RemoteWebDriver.executeScript(RemoteWebDriver.java:476)
at ord.deepakjagtap.utils.AndroidActions.longPressAction(AndroidActions.java:21)
at org.deepakjagtap.pageObjects.android.CartPage.acceptTermsConditions(CartPage.java:65)
at org.deepakjagtap.eCommTestCases.verifyUserCanAddMultipleItemsInCartAndCheckTotalOfAllCartItemsPriceAndMakeOrder(eCommTestCases.java:31)
at java.base/jdk.internal.reflect.DirectMethodHandleAccessor.invoke(DirectMethodHandleAccessor.java:103)
at java.base/java.lang.reflect.Method.invoke(Method.java:580)
at org.testng.internal.invokers.MethodInvocationHelper.invokeMethod(MethodInvocationHelper.java:141)
at org.testng.internal.invokers.TestInvoker.invokeMethod(TestInvoker.java:687)
at org.testng.internal.invokers.TestInvoker.invokeTestMethod(TestInvoker.java:230)
at org.testng.internal.invokers.MethodRunner.runInSequence(MethodRunner.java:63)
at org.testng.internal.invokers.TestInvoker$MethodInvocationAgent.invoke(TestInvoker.java:995)
at org.testng.internal.invokers.TestInvoker.invokeTestMethods(TestInvoker.java:203)
at org.testng.internal.invokers.TestMethodWorker.invokeTestMethods(TestMethodWorker.java:154)
at org.testng.internal.invokers.TestMethodWorker.run(TestMethodWorker.java:134)
at java.base/java.util.ArrayList.forEach(ArrayList.java:1596)
at org.testng.TestRunner.privateRun(TestRunner.java:741)
at org.testng.TestRunner.run(TestRunner.java:616)
at org.testng.SuiteRunner.runTest(SuiteRunner.java:421)
at org.testng.SuiteRunner$SuiteWorker.run(SuiteRunner.java:463)
at org.testng.internal.thread.ThreadUtil.lambda$execute$0(ThreadUtil.java:64)
at java.base/java.util.concurrent.FutureTask.run(FutureTask.java:317)
at java.base/java.util.concurrent.ThreadPoolExecutor.runWorker(ThreadPoolExecutor.java:1144)
at java.base/java.util.concurrent.ThreadPoolExecutor$Worker.run(ThreadPoolExecutor.java:642)
at java.base/java.lang.Thread.run(Thread.java:1583)
]]>
    </error>
  </testcase> <!-- verifyUserCanAddMultipleItemsInCartAndCheckTotalOfAllCartItemsPriceAndMakeOrder -->
  <testcase classname="org.deepakjagtap.eCommTestCases" name="verifyUserCanAddMultipleItemsInCartAndCheckTotalOfAllCartItemsPriceAndMakeOrder" time="64.126">
    <error message="Unknown mobile command &quot;longClickGesture&quot;. Only shell,scrollBackTo,viewportScreenshot,deepLink,startLogsBroadcast,stopLogsBroadcast,acceptAlert,dismissAlert,batteryInfo,deviceInfo,changePermissions,getPermissions,performEditorAction,startScreenStreaming,stopScreenStreaming,getNotifications,listSms,type commands are supported.
Build info: version: &#039;4.30.0&#039;, revision: &#039;509c7f17cc*&#039;
System info: os.name: &#039;Windows 11&#039;, os.arch: &#039;amd64&#039;, os.version: &#039;10.0&#039;, java.version: &#039;21.0.5&#039;
Driver info: io.appium.java_client.android.AndroidDriver
Command: [9e7437a127190517d51ffda09209031b4f230c9d, executeScript {args=[{elementId=48d6a38d-5155-46a6-a600-a10a9ffff829, duration=2000}], script=mobile:longClickGesture}]
Capabilities {appium:appActivity: com.androidsample.generalst..., appium:appPackage: com.androidsample.generalstore, appium:automationName: uiautomator2, appium:bundleID: com.androidsample.generalstore, appium:bundleId: com.androidsample.generalstore, appium:chromedriverExecutable: c://users//deepak.jagtap//d..., appium:chromedriverPort: 18081, appium:chromedriverPorts: [[18111, 18121]], appium:databaseEnabled: false, appium:desired: {appActivity: com.androidsample.generalst..., appPackage: com.androidsample.generalstore, automationName: uiautomator2, bstack:options: {buildIdentifier: #4, disableAnimations: true, hostName: PNQ1-LHP-N91337, localIdentifier: 29_Mar_055_PNQ1_LHP_N91337_...}, bundleID: com.androidsample.generalstore, bundleId: com.androidsample.generalstore, chromedriverExecutable: c://users//deepak.jagtap//d..., chromedriverPort: 18081, chromedriverPorts: [[18111, 18121]], deviceName: pixel 3a, disableSuppressAccessibilityService: true, goog:chromeOptions: {}, nativeWebScreenshot: true, newCommandTimeout: 0, platformName: Android, skipServerInstallation: true, systemPort: 8201, udid: R5CRA1JXD8Y}, appium:deviceApiLevel: 30, appium:deviceManufacturer: samsung, appium:deviceModel: SM-G991B, appium:deviceName: R5CRA1JXD8Y, appium:deviceScreenDensity: 480, appium:deviceScreenSize: 1080x2400, appium:deviceUDID: R5CRA1JXD8Y, appium:disableSuppressAccessibilityService: true, appium:javascriptEnabled: true, appium:locationContextEnabled: false, appium:nativeWebScreenshot: true, appium:networkConnectionEnabled: true, appium:newCommandTimeout: 0, appium:optimalHubUrl: hub-aps.browserstack.com, appium:pixelRatio: 3, appium:platformVersion: 11, appium:skipServerInstallation: true, appium:statBarHeight: 79, appium:systemPort: 8201, appium:takesScreenshot: true, appium:udid: R5CRA1JXD8Y, appium:viewportRect: {height: 2097, left: 0, top: 79, width: 1080}, appium:warnings: {}, appium:webStorageEnabled: false, bstack:options: {buildIdentifier: #4, disableAnimations: true, hostName: PNQ1-LHP-N91337, localIdentifier: 29_Mar_055_PNQ1_LHP_N91337_...}, goog:chromeOptions: {}, platformName: ANDROID}
Session ID: 9e7437a127190517d51ffda09209031b4f230c9d" type="org.openqa.selenium.UnsupportedCommandException">
      <![CDATA[org.openqa.selenium.UnsupportedCommandException: Unknown mobile command "longClickGesture". Only shell,scrollBackTo,viewportScreenshot,deepLink,startLogsBroadcast,stopLogsBroadcast,acceptAlert,dismissAlert,batteryInfo,deviceInfo,changePermissions,getPermissions,performEditorAction,startScreenStreaming,stopScreenStreaming,getNotifications,listSms,type commands are supported.
Build info: version: '4.30.0', revision: '509c7f17cc*'
System info: os.name: 'Windows 11', os.arch: 'amd64', os.version: '10.0', java.version: '21.0.5'
Driver info: io.appium.java_client.android.AndroidDriver
Command: [9e7437a127190517d51ffda09209031b4f230c9d, executeScript {args=[{elementId=48d6a38d-5155-46a6-a600-a10a9ffff829, duration=2000}], script=mobile:longClickGesture}]
Capabilities {appium:appActivity: com.androidsample.generalst..., appium:appPackage: com.androidsample.generalstore, appium:automationName: uiautomator2, appium:bundleID: com.androidsample.generalstore, appium:bundleId: com.androidsample.generalstore, appium:chromedriverExecutable: c://users//deepak.jagtap//d..., appium:chromedriverPort: 18081, appium:chromedriverPorts: [[18111, 18121]], appium:databaseEnabled: false, appium:desired: {appActivity: com.androidsample.generalst..., appPackage: com.androidsample.generalstore, automationName: uiautomator2, bstack:options: {buildIdentifier: #4, disableAnimations: true, hostName: PNQ1-LHP-N91337, localIdentifier: 29_Mar_055_PNQ1_LHP_N91337_...}, bundleID: com.androidsample.generalstore, bundleId: com.androidsample.generalstore, chromedriverExecutable: c://users//deepak.jagtap//d..., chromedriverPort: 18081, chromedriverPorts: [[18111, 18121]], deviceName: pixel 3a, disableSuppressAccessibilityService: true, goog:chromeOptions: {}, nativeWebScreenshot: true, newCommandTimeout: 0, platformName: Android, skipServerInstallation: true, systemPort: 8201, udid: R5CRA1JXD8Y}, appium:deviceApiLevel: 30, appium:deviceManufacturer: samsung, appium:deviceModel: SM-G991B, appium:deviceName: R5CRA1JXD8Y, appium:deviceScreenDensity: 480, appium:deviceScreenSize: 1080x2400, appium:deviceUDID: R5CRA1JXD8Y, appium:disableSuppressAccessibilityService: true, appium:javascriptEnabled: true, appium:locationContextEnabled: false, appium:nativeWebScreenshot: true, appium:networkConnectionEnabled: true, appium:newCommandTimeout: 0, appium:optimalHubUrl: hub-aps.browserstack.com, appium:pixelRatio: 3, appium:platformVersion: 11, appium:skipServerInstallation: true, appium:statBarHeight: 79, appium:systemPort: 8201, appium:takesScreenshot: true, appium:udid: R5CRA1JXD8Y, appium:viewportRect: {height: 2097, left: 0, top: 79, width: 1080}, appium:warnings: {}, appium:webStorageEnabled: false, bstack:options: {buildIdentifier: #4, disableAnimations: true, hostName: PNQ1-LHP-N91337, localIdentifier: 29_Mar_055_PNQ1_LHP_N91337_...}, goog:chromeOptions: {}, platformName: ANDROID}
Session ID: 9e7437a127190517d51ffda09209031b4f230c9d
at java.base/jdk.internal.reflect.DirectConstructorHandleAccessor.newInstance(DirectConstructorHandleAccessor.java:62)
at java.base/java.lang.reflect.Constructor.newInstanceWithCaller(Constructor.java:502)
at java.base/java.lang.reflect.Constructor.newInstance(Constructor.java:486)
at org.openqa.selenium.remote.ErrorCodec.decode(ErrorCodec.java:167)
at org.openqa.selenium.remote.codec.w3c.W3CHttpResponseCodec.decode(W3CHttpResponseCodec.java:138)
at org.openqa.selenium.remote.codec.w3c.W3CHttpResponseCodec.decode(W3CHttpResponseCodec.java:50)
at org.openqa.selenium.remote.HttpCommandExecutor.execute(HttpCommandExecutor.java:215)
at io.appium.java_client.remote.AppiumCommandExecutor.execute(AppiumCommandExecutor.java:243)
at org.openqa.selenium.remote.RemoteWebDriver.execute(RemoteWebDriver.java:545)
at org.openqa.selenium.remote.RemoteWebDriver.executeScript(RemoteWebDriver.java:476)
at ord.deepakjagtap.utils.AndroidActions.longPressAction(AndroidActions.java:21)
at org.deepakjagtap.pageObjects.android.CartPage.acceptTermsConditions(CartPage.java:65)
at org.deepakjagtap.eCommTestCases.verifyUserCanAddMultipleItemsInCartAndCheckTotalOfAllCartItemsPriceAndMakeOrder(eCommTestCases.java:31)
at java.base/jdk.internal.reflect.DirectMethodHandleAccessor.invoke(DirectMethodHandleAccessor.java:103)
at java.base/java.lang.reflect.Method.invoke(Method.java:580)
at org.testng.internal.invokers.MethodInvocationHelper.invokeMethod(MethodInvocationHelper.java:141)
at org.testng.internal.invokers.TestInvoker.invokeMethod(TestInvoker.java:687)
at org.testng.internal.invokers.TestInvoker.invokeTestMethod(TestInvoker.java:230)
at org.testng.internal.invokers.MethodRunner.runInSequence(MethodRunner.java:63)
at org.testng.internal.invokers.TestInvoker$MethodInvocationAgent.invoke(TestInvoker.java:995)
at org.testng.internal.invokers.TestInvoker.invokeTestMethods(TestInvoker.java:203)
at org.testng.internal.invokers.TestMethodWorker.invokeTestMethods(TestMethodWorker.java:154)
at org.testng.internal.invokers.TestMethodWorker.run(TestMethodWorker.java:134)
at java.base/java.util.ArrayList.forEach(ArrayList.java:1596)
at org.testng.TestRunner.privateRun(TestRunner.java:741)
at org.testng.TestRunner.run(TestRunner.java:616)
at org.testng.SuiteRunner.runTest(SuiteRunner.java:421)
at org.testng.SuiteRunner$SuiteWorker.run(SuiteRunner.java:463)
at org.testng.internal.thread.ThreadUtil.lambda$execute$0(ThreadUtil.java:64)
at java.base/java.util.concurrent.FutureTask.run(FutureTask.java:317)
at java.base/java.util.concurrent.ThreadPoolExecutor.runWorker(ThreadPoolExecutor.java:1144)
at java.base/java.util.concurrent.ThreadPoolExecutor$Worker.run(ThreadPoolExecutor.java:642)
at java.base/java.lang.Thread.run(Thread.java:1583)
]]>
    </error>
  </testcase> <!-- verifyUserCanAddMultipleItemsInCartAndCheckTotalOfAllCartItemsPriceAndMakeOrder -->
  <testcase classname="org.deepakjagtap.eCommTestCases" name="verifyUserCanAddMultipleItemsInCartAndCheckTotalOfAllCartItemsPriceAndMakeOrder" time="37.476">
    <error message="Unknown mobile command &quot;longClickGesture&quot;. Only shell,scrollBackTo,viewportScreenshot,deepLink,startLogsBroadcast,stopLogsBroadcast,acceptAlert,dismissAlert,batteryInfo,deviceInfo,changePermissions,getPermissions,performEditorAction,startScreenStreaming,stopScreenStreaming,getNotifications,listSms,type commands are supported.
Build info: version: &#039;4.30.0&#039;, revision: &#039;509c7f17cc*&#039;
System info: os.name: &#039;Windows 11&#039;, os.arch: &#039;amd64&#039;, os.version: &#039;10.0&#039;, java.version: &#039;21.0.5&#039;
Driver info: io.appium.java_client.android.AndroidDriver
Command: [aa1580bf3e6aef71f8aa3792bae90079be4f10bf, executeScript {args=[{elementId=91558349-515e-4867-8222-b87f7f3309bd, duration=2000}], script=mobile:longClickGesture}]
Capabilities {appium:appActivity: com.androidsample.generalst..., appium:appPackage: com.androidsample.generalstore, appium:automationName: uiautomator2, appium:bundleID: com.androidsample.generalstore, appium:bundleId: com.androidsample.generalstore, appium:chromedriverExecutable: c://users//deepak.jagtap//d..., appium:chromedriverPort: 18083, appium:chromedriverPorts: [[18133, 18143]], appium:databaseEnabled: false, appium:desired: {appActivity: com.androidsample.generalst..., appPackage: com.androidsample.generalstore, automationName: uiautomator2, bstack:options: {buildIdentifier: #4, disableAnimations: true, hostName: PNQ1-LHP-N91337, localIdentifier: 29_Mar_055_PNQ1_LHP_N91337_...}, bundleID: com.androidsample.generalstore, bundleId: com.androidsample.generalstore, chromedriverExecutable: c://users//deepak.jagtap//d..., chromedriverPort: 18083, chromedriverPorts: [[18133, 18143]], deviceName: pixel 3a, disableSuppressAccessibilityService: true, goog:chromeOptions: {}, nativeWebScreenshot: true, newCommandTimeout: 0, platformName: Android, skipServerInstallation: true, systemPort: 8203, udid: R5CR123F2SN}, appium:deviceApiLevel: 30, appium:deviceManufacturer: samsung, appium:deviceModel: SM-G991B, appium:deviceName: R5CR123F2SN, appium:deviceScreenDensity: 480, appium:deviceScreenSize: 1080x2400, appium:deviceUDID: R5CR123F2SN, appium:disableSuppressAccessibilityService: true, appium:javascriptEnabled: true, appium:locationContextEnabled: false, appium:nativeWebScreenshot: true, appium:networkConnectionEnabled: true, appium:newCommandTimeout: 0, appium:optimalHubUrl: hub-aps.browserstack.com, appium:pixelRatio: 3, appium:platformVersion: 11, appium:skipServerInstallation: true, appium:statBarHeight: 79, appium:systemPort: 8203, appium:takesScreenshot: true, appium:udid: R5CR123F2SN, appium:viewportRect: {height: 2097, left: 0, top: 79, width: 1080}, appium:warnings: {}, appium:webStorageEnabled: false, bstack:options: {buildIdentifier: #4, disableAnimations: true, hostName: PNQ1-LHP-N91337, localIdentifier: 29_Mar_055_PNQ1_LHP_N91337_...}, goog:chromeOptions: {}, platformName: ANDROID}
Session ID: aa1580bf3e6aef71f8aa3792bae90079be4f10bf" type="org.openqa.selenium.UnsupportedCommandException">
      <![CDATA[org.openqa.selenium.UnsupportedCommandException: Unknown mobile command "longClickGesture". Only shell,scrollBackTo,viewportScreenshot,deepLink,startLogsBroadcast,stopLogsBroadcast,acceptAlert,dismissAlert,batteryInfo,deviceInfo,changePermissions,getPermissions,performEditorAction,startScreenStreaming,stopScreenStreaming,getNotifications,listSms,type commands are supported.
Build info: version: '4.30.0', revision: '509c7f17cc*'
System info: os.name: 'Windows 11', os.arch: 'amd64', os.version: '10.0', java.version: '21.0.5'
Driver info: io.appium.java_client.android.AndroidDriver
Command: [aa1580bf3e6aef71f8aa3792bae90079be4f10bf, executeScript {args=[{elementId=91558349-515e-4867-8222-b87f7f3309bd, duration=2000}], script=mobile:longClickGesture}]
Capabilities {appium:appActivity: com.androidsample.generalst..., appium:appPackage: com.androidsample.generalstore, appium:automationName: uiautomator2, appium:bundleID: com.androidsample.generalstore, appium:bundleId: com.androidsample.generalstore, appium:chromedriverExecutable: c://users//deepak.jagtap//d..., appium:chromedriverPort: 18083, appium:chromedriverPorts: [[18133, 18143]], appium:databaseEnabled: false, appium:desired: {appActivity: com.androidsample.generalst..., appPackage: com.androidsample.generalstore, automationName: uiautomator2, bstack:options: {buildIdentifier: #4, disableAnimations: true, hostName: PNQ1-LHP-N91337, localIdentifier: 29_Mar_055_PNQ1_LHP_N91337_...}, bundleID: com.androidsample.generalstore, bundleId: com.androidsample.generalstore, chromedriverExecutable: c://users//deepak.jagtap//d..., chromedriverPort: 18083, chromedriverPorts: [[18133, 18143]], deviceName: pixel 3a, disableSuppressAccessibilityService: true, goog:chromeOptions: {}, nativeWebScreenshot: true, newCommandTimeout: 0, platformName: Android, skipServerInstallation: true, systemPort: 8203, udid: R5CR123F2SN}, appium:deviceApiLevel: 30, appium:deviceManufacturer: samsung, appium:deviceModel: SM-G991B, appium:deviceName: R5CR123F2SN, appium:deviceScreenDensity: 480, appium:deviceScreenSize: 1080x2400, appium:deviceUDID: R5CR123F2SN, appium:disableSuppressAccessibilityService: true, appium:javascriptEnabled: true, appium:locationContextEnabled: false, appium:nativeWebScreenshot: true, appium:networkConnectionEnabled: true, appium:newCommandTimeout: 0, appium:optimalHubUrl: hub-aps.browserstack.com, appium:pixelRatio: 3, appium:platformVersion: 11, appium:skipServerInstallation: true, appium:statBarHeight: 79, appium:systemPort: 8203, appium:takesScreenshot: true, appium:udid: R5CR123F2SN, appium:viewportRect: {height: 2097, left: 0, top: 79, width: 1080}, appium:warnings: {}, appium:webStorageEnabled: false, bstack:options: {buildIdentifier: #4, disableAnimations: true, hostName: PNQ1-LHP-N91337, localIdentifier: 29_Mar_055_PNQ1_LHP_N91337_...}, goog:chromeOptions: {}, platformName: ANDROID}
Session ID: aa1580bf3e6aef71f8aa3792bae90079be4f10bf
at java.base/jdk.internal.reflect.DirectConstructorHandleAccessor.newInstance(DirectConstructorHandleAccessor.java:62)
at java.base/java.lang.reflect.Constructor.newInstanceWithCaller(Constructor.java:502)
at java.base/java.lang.reflect.Constructor.newInstance(Constructor.java:486)
at org.openqa.selenium.remote.ErrorCodec.decode(ErrorCodec.java:167)
at org.openqa.selenium.remote.codec.w3c.W3CHttpResponseCodec.decode(W3CHttpResponseCodec.java:138)
at org.openqa.selenium.remote.codec.w3c.W3CHttpResponseCodec.decode(W3CHttpResponseCodec.java:50)
at org.openqa.selenium.remote.HttpCommandExecutor.execute(HttpCommandExecutor.java:215)
at io.appium.java_client.remote.AppiumCommandExecutor.execute(AppiumCommandExecutor.java:243)
at org.openqa.selenium.remote.RemoteWebDriver.execute(RemoteWebDriver.java:545)
at org.openqa.selenium.remote.RemoteWebDriver.executeScript(RemoteWebDriver.java:476)
at ord.deepakjagtap.utils.AndroidActions.longPressAction(AndroidActions.java:21)
at org.deepakjagtap.pageObjects.android.CartPage.acceptTermsConditions(CartPage.java:65)
at org.deepakjagtap.eCommTestCases.verifyUserCanAddMultipleItemsInCartAndCheckTotalOfAllCartItemsPriceAndMakeOrder(eCommTestCases.java:31)
at java.base/jdk.internal.reflect.DirectMethodHandleAccessor.invoke(DirectMethodHandleAccessor.java:103)
at java.base/java.lang.reflect.Method.invoke(Method.java:580)
at org.testng.internal.invokers.MethodInvocationHelper.invokeMethod(MethodInvocationHelper.java:141)
at org.testng.internal.invokers.TestInvoker.invokeMethod(TestInvoker.java:687)
at org.testng.internal.invokers.TestInvoker.invokeTestMethod(TestInvoker.java:230)
at org.testng.internal.invokers.MethodRunner.runInSequence(MethodRunner.java:63)
at org.testng.internal.invokers.TestInvoker$MethodInvocationAgent.invoke(TestInvoker.java:995)
at org.testng.internal.invokers.TestInvoker.invokeTestMethods(TestInvoker.java:203)
at org.testng.internal.invokers.TestMethodWorker.invokeTestMethods(TestMethodWorker.java:154)
at org.testng.internal.invokers.TestMethodWorker.run(TestMethodWorker.java:134)
at java.base/java.util.ArrayList.forEach(ArrayList.java:1596)
at org.testng.TestRunner.privateRun(TestRunner.java:741)
at org.testng.TestRunner.run(TestRunner.java:616)
at org.testng.SuiteRunner.runTest(SuiteRunner.java:421)
at org.testng.SuiteRunner$SuiteWorker.run(SuiteRunner.java:463)
at org.testng.internal.thread.ThreadUtil.lambda$execute$0(ThreadUtil.java:64)
at java.base/java.util.concurrent.FutureTask.run(FutureTask.java:317)
at java.base/java.util.concurrent.ThreadPoolExecutor.runWorker(ThreadPoolExecutor.java:1144)
at java.base/java.util.concurrent.ThreadPoolExecutor$Worker.run(ThreadPoolExecutor.java:642)
at java.base/java.lang.Thread.run(Thread.java:1583)
]]>
    </error>
  </testcase> <!-- verifyUserCanAddMultipleItemsInCartAndCheckTotalOfAllCartItemsPriceAndMakeOrder -->
  <testcase classname="org.deepakjagtap.eCommTestCases" name="verifyUserCanAddMultipleItemsInCartAndCheckTotalOfAllCartItemsPriceAndMakeOrder" time="36.844">
    <error message="Unknown mobile command &quot;longClickGesture&quot;. Only shell,scrollBackTo,viewportScreenshot,deepLink,startLogsBroadcast,stopLogsBroadcast,acceptAlert,dismissAlert,batteryInfo,deviceInfo,changePermissions,getPermissions,performEditorAction,startScreenStreaming,stopScreenStreaming,getNotifications,listSms,type commands are supported.
Build info: version: &#039;4.30.0&#039;, revision: &#039;509c7f17cc*&#039;
System info: os.name: &#039;Windows 11&#039;, os.arch: &#039;amd64&#039;, os.version: &#039;10.0&#039;, java.version: &#039;21.0.5&#039;
Driver info: io.appium.java_client.android.AndroidDriver
Command: [2f4266bea988a04a13d36a8a6a15588bcc3ae552, executeScript {args=[{elementId=4682def8-6ed0-45a2-bdc1-71e40a62491e, duration=2000}], script=mobile:longClickGesture}]
Capabilities {appium:appActivity: com.androidsample.generalst..., appium:appPackage: com.androidsample.generalstore, appium:automationName: uiautomator2, appium:bundleID: com.androidsample.generalstore, appium:bundleId: com.androidsample.generalstore, appium:chromedriverPort: 18081, appium:chromedriverPorts: [[18111, 18121]], appium:databaseEnabled: false, appium:desired: {appActivity: com.androidsample.generalst..., appPackage: com.androidsample.generalstore, automationName: uiautomator2, bstack:options: {buildIdentifier: #4, disableAnimations: true, hostName: PNQ1-LHP-N91337, localIdentifier: 29_Mar_055_PNQ1_LHP_N91337_...}, bundleID: com.androidsample.generalstore, bundleId: com.androidsample.generalstore, chromedriverPort: 18081, chromedriverPorts: [[18111, 18121]], deviceName: pixel 3a, disableSuppressAccessibilityService: true, goog:chromeOptions: {}, nativeWebScreenshot: true, newCommandTimeout: 0, platformName: Android, skipServerInstallation: true, systemPort: 8201, udid: R5CT3130P1M}, appium:deviceApiLevel: 31, appium:deviceManufacturer: samsung, appium:deviceModel: SM-S908E, appium:deviceName: R5CT3130P1M, appium:deviceScreenDensity: 450, appium:deviceScreenSize: 1080x2316, appium:deviceUDID: R5CT3130P1M, appium:disableSuppressAccessibilityService: true, appium:javascriptEnabled: true, appium:locationContextEnabled: false, appium:nativeWebScreenshot: true, appium:networkConnectionEnabled: true, appium:newCommandTimeout: 0, appium:optimalHubUrl: hub-aps.browserstack.com, appium:pixelRatio: 2.8125, appium:platformVersion: 12, appium:skipServerInstallation: true, appium:statBarHeight: 75, appium:systemPort: 8201, appium:takesScreenshot: true, appium:udid: R5CT3130P1M, appium:viewportRect: {height: 2031, left: 0, top: 75, width: 1080}, appium:warnings: {}, appium:webStorageEnabled: false, bstack:options: {buildIdentifier: #4, disableAnimations: true, hostName: PNQ1-LHP-N91337, localIdentifier: 29_Mar_055_PNQ1_LHP_N91337_...}, goog:chromeOptions: {}, platformName: ANDROID}
Session ID: 2f4266bea988a04a13d36a8a6a15588bcc3ae552" type="org.openqa.selenium.UnsupportedCommandException">
      <![CDATA[org.openqa.selenium.UnsupportedCommandException: Unknown mobile command "longClickGesture". Only shell,scrollBackTo,viewportScreenshot,deepLink,startLogsBroadcast,stopLogsBroadcast,acceptAlert,dismissAlert,batteryInfo,deviceInfo,changePermissions,getPermissions,performEditorAction,startScreenStreaming,stopScreenStreaming,getNotifications,listSms,type commands are supported.
Build info: version: '4.30.0', revision: '509c7f17cc*'
System info: os.name: 'Windows 11', os.arch: 'amd64', os.version: '10.0', java.version: '21.0.5'
Driver info: io.appium.java_client.android.AndroidDriver
Command: [2f4266bea988a04a13d36a8a6a15588bcc3ae552, executeScript {args=[{elementId=4682def8-6ed0-45a2-bdc1-71e40a62491e, duration=2000}], script=mobile:longClickGesture}]
Capabilities {appium:appActivity: com.androidsample.generalst..., appium:appPackage: com.androidsample.generalstore, appium:automationName: uiautomator2, appium:bundleID: com.androidsample.generalstore, appium:bundleId: com.androidsample.generalstore, appium:chromedriverPort: 18081, appium:chromedriverPorts: [[18111, 18121]], appium:databaseEnabled: false, appium:desired: {appActivity: com.androidsample.generalst..., appPackage: com.androidsample.generalstore, automationName: uiautomator2, bstack:options: {buildIdentifier: #4, disableAnimations: true, hostName: PNQ1-LHP-N91337, localIdentifier: 29_Mar_055_PNQ1_LHP_N91337_...}, bundleID: com.androidsample.generalstore, bundleId: com.androidsample.generalstore, chromedriverPort: 18081, chromedriverPorts: [[18111, 18121]], deviceName: pixel 3a, disableSuppressAccessibilityService: true, goog:chromeOptions: {}, nativeWebScreenshot: true, newCommandTimeout: 0, platformName: Android, skipServerInstallation: true, systemPort: 8201, udid: R5CT3130P1M}, appium:deviceApiLevel: 31, appium:deviceManufacturer: samsung, appium:deviceModel: SM-S908E, appium:deviceName: R5CT3130P1M, appium:deviceScreenDensity: 450, appium:deviceScreenSize: 1080x2316, appium:deviceUDID: R5CT3130P1M, appium:disableSuppressAccessibilityService: true, appium:javascriptEnabled: true, appium:locationContextEnabled: false, appium:nativeWebScreenshot: true, appium:networkConnectionEnabled: true, appium:newCommandTimeout: 0, appium:optimalHubUrl: hub-aps.browserstack.com, appium:pixelRatio: 2.8125, appium:platformVersion: 12, appium:skipServerInstallation: true, appium:statBarHeight: 75, appium:systemPort: 8201, appium:takesScreenshot: true, appium:udid: R5CT3130P1M, appium:viewportRect: {height: 2031, left: 0, top: 75, width: 1080}, appium:warnings: {}, appium:webStorageEnabled: false, bstack:options: {buildIdentifier: #4, disableAnimations: true, hostName: PNQ1-LHP-N91337, localIdentifier: 29_Mar_055_PNQ1_LHP_N91337_...}, goog:chromeOptions: {}, platformName: ANDROID}
Session ID: 2f4266bea988a04a13d36a8a6a15588bcc3ae552
at java.base/jdk.internal.reflect.DirectConstructorHandleAccessor.newInstance(DirectConstructorHandleAccessor.java:62)
at java.base/java.lang.reflect.Constructor.newInstanceWithCaller(Constructor.java:502)
at java.base/java.lang.reflect.Constructor.newInstance(Constructor.java:486)
at org.openqa.selenium.remote.ErrorCodec.decode(ErrorCodec.java:167)
at org.openqa.selenium.remote.codec.w3c.W3CHttpResponseCodec.decode(W3CHttpResponseCodec.java:138)
at org.openqa.selenium.remote.codec.w3c.W3CHttpResponseCodec.decode(W3CHttpResponseCodec.java:50)
at org.openqa.selenium.remote.HttpCommandExecutor.execute(HttpCommandExecutor.java:215)
at io.appium.java_client.remote.AppiumCommandExecutor.execute(AppiumCommandExecutor.java:243)
at org.openqa.selenium.remote.RemoteWebDriver.execute(RemoteWebDriver.java:545)
at org.openqa.selenium.remote.RemoteWebDriver.executeScript(RemoteWebDriver.java:476)
at ord.deepakjagtap.utils.AndroidActions.longPressAction(AndroidActions.java:21)
at org.deepakjagtap.pageObjects.android.CartPage.acceptTermsConditions(CartPage.java:65)
at org.deepakjagtap.eCommTestCases.verifyUserCanAddMultipleItemsInCartAndCheckTotalOfAllCartItemsPriceAndMakeOrder(eCommTestCases.java:31)
at java.base/jdk.internal.reflect.DirectMethodHandleAccessor.invoke(DirectMethodHandleAccessor.java:103)
at java.base/java.lang.reflect.Method.invoke(Method.java:580)
at org.testng.internal.invokers.MethodInvocationHelper.invokeMethod(MethodInvocationHelper.java:141)
at org.testng.internal.invokers.TestInvoker.invokeMethod(TestInvoker.java:687)
at org.testng.internal.invokers.TestInvoker.invokeTestMethod(TestInvoker.java:230)
at org.testng.internal.invokers.MethodRunner.runInSequence(MethodRunner.java:63)
at org.testng.internal.invokers.TestInvoker$MethodInvocationAgent.invoke(TestInvoker.java:995)
at org.testng.internal.invokers.TestInvoker.invokeTestMethods(TestInvoker.java:203)
at org.testng.internal.invokers.TestMethodWorker.invokeTestMethods(TestMethodWorker.java:154)
at org.testng.internal.invokers.TestMethodWorker.run(TestMethodWorker.java:134)
at java.base/java.util.ArrayList.forEach(ArrayList.java:1596)
at org.testng.TestRunner.privateRun(TestRunner.java:741)
at org.testng.TestRunner.run(TestRunner.java:616)
at org.testng.SuiteRunner.runTest(SuiteRunner.java:421)
at org.testng.SuiteRunner$SuiteWorker.run(SuiteRunner.java:463)
at org.testng.internal.thread.ThreadUtil.lambda$execute$0(ThreadUtil.java:64)
at java.base/java.util.concurrent.FutureTask.run(FutureTask.java:317)
at java.base/java.util.concurrent.ThreadPoolExecutor.runWorker(ThreadPoolExecutor.java:1144)
at java.base/java.util.concurrent.ThreadPoolExecutor$Worker.run(ThreadPoolExecutor.java:642)
at java.base/java.lang.Thread.run(Thread.java:1583)
]]>
    </error>
  </testcase> <!-- verifyUserCanAddMultipleItemsInCartAndCheckTotalOfAllCartItemsPriceAndMakeOrder -->
  <testcase classname="org.deepakjagtap.eCommTestCases" name="verifyUserCanAddMultipleItemsInCartAndCheckTotalOfAllCartItemsPriceAndMakeOrder" time="81.762">
    <error message="Unknown mobile command &quot;longClickGesture&quot;. Only shell,scrollBackTo,viewportScreenshot,deepLink,startLogsBroadcast,stopLogsBroadcast,acceptAlert,dismissAlert,batteryInfo,deviceInfo,changePermissions,getPermissions,performEditorAction,startScreenStreaming,stopScreenStreaming,getNotifications,listSms,type commands are supported.
Build info: version: &#039;4.30.0&#039;, revision: &#039;509c7f17cc*&#039;
System info: os.name: &#039;Windows 11&#039;, os.arch: &#039;amd64&#039;, os.version: &#039;10.0&#039;, java.version: &#039;21.0.5&#039;
Driver info: io.appium.java_client.android.AndroidDriver
Command: [abdce8ed895b7163cac4f5201a1a452c2444be5d, executeScript {args=[{elementId=00000000-0000-0e23-ffff-ffff0000007d, duration=2000}], script=mobile:longClickGesture}]
Capabilities {appium:appActivity: com.androidsample.generalst..., appium:appPackage: com.androidsample.generalstore, appium:automationName: uiautomator2, appium:bundleID: com.androidsample.generalstore, appium:bundleId: com.androidsample.generalstore, appium:chromedriverExecutable: c://users//deepak.jagtap//d..., appium:chromedriverPort: 18082, appium:chromedriverPorts: [[18122, 18132]], appium:databaseEnabled: false, appium:desired: {appActivity: com.androidsample.generalst..., appPackage: com.androidsample.generalstore, automationName: uiautomator2, bstack:options: {buildIdentifier: #4, disableAnimations: true, hostName: PNQ1-LHP-N91337, localIdentifier: 29_Mar_055_PNQ1_LHP_N91337_...}, bundleID: com.androidsample.generalstore, bundleId: com.androidsample.generalstore, chromedriverExecutable: c://users//deepak.jagtap//d..., chromedriverPort: 18082, chromedriverPorts: [[18122, 18132]], deviceName: pixel 3a, disableSuppressAccessibilityService: true, goog:chromeOptions: {}, nativeWebScreenshot: true, newCommandTimeout: 0, platformName: Android, skipServerInstallation: true, systemPort: 8202, udid: R5CT238SA9L}, appium:deviceApiLevel: 31, appium:deviceManufacturer: samsung, appium:deviceModel: SM-S908E, appium:deviceName: R5CT238SA9L, appium:deviceScreenDensity: 450, appium:deviceScreenSize: 1080x2316, appium:deviceUDID: R5CT238SA9L, appium:disableSuppressAccessibilityService: true, appium:javascriptEnabled: true, appium:locationContextEnabled: false, appium:nativeWebScreenshot: true, appium:networkConnectionEnabled: true, appium:newCommandTimeout: 0, appium:optimalHubUrl: hub-aps.browserstack.com, appium:pixelRatio: 2.8125, appium:platformVersion: 12, appium:skipServerInstallation: true, appium:statBarHeight: 75, appium:systemPort: 8202, appium:takesScreenshot: true, appium:udid: R5CT238SA9L, appium:viewportRect: {height: 2031, left: 0, top: 75, width: 1080}, appium:warnings: {}, appium:webStorageEnabled: false, bstack:options: {buildIdentifier: #4, disableAnimations: true, hostName: PNQ1-LHP-N91337, localIdentifier: 29_Mar_055_PNQ1_LHP_N91337_...}, goog:chromeOptions: {}, platformName: ANDROID}
Session ID: abdce8ed895b7163cac4f5201a1a452c2444be5d" type="org.openqa.selenium.UnsupportedCommandException">
      <![CDATA[org.openqa.selenium.UnsupportedCommandException: Unknown mobile command "longClickGesture". Only shell,scrollBackTo,viewportScreenshot,deepLink,startLogsBroadcast,stopLogsBroadcast,acceptAlert,dismissAlert,batteryInfo,deviceInfo,changePermissions,getPermissions,performEditorAction,startScreenStreaming,stopScreenStreaming,getNotifications,listSms,type commands are supported.
Build info: version: '4.30.0', revision: '509c7f17cc*'
System info: os.name: 'Windows 11', os.arch: 'amd64', os.version: '10.0', java.version: '21.0.5'
Driver info: io.appium.java_client.android.AndroidDriver
Command: [abdce8ed895b7163cac4f5201a1a452c2444be5d, executeScript {args=[{elementId=00000000-0000-0e23-ffff-ffff0000007d, duration=2000}], script=mobile:longClickGesture}]
Capabilities {appium:appActivity: com.androidsample.generalst..., appium:appPackage: com.androidsample.generalstore, appium:automationName: uiautomator2, appium:bundleID: com.androidsample.generalstore, appium:bundleId: com.androidsample.generalstore, appium:chromedriverExecutable: c://users//deepak.jagtap//d..., appium:chromedriverPort: 18082, appium:chromedriverPorts: [[18122, 18132]], appium:databaseEnabled: false, appium:desired: {appActivity: com.androidsample.generalst..., appPackage: com.androidsample.generalstore, automationName: uiautomator2, bstack:options: {buildIdentifier: #4, disableAnimations: true, hostName: PNQ1-LHP-N91337, localIdentifier: 29_Mar_055_PNQ1_LHP_N91337_...}, bundleID: com.androidsample.generalstore, bundleId: com.androidsample.generalstore, chromedriverExecutable: c://users//deepak.jagtap//d..., chromedriverPort: 18082, chromedriverPorts: [[18122, 18132]], deviceName: pixel 3a, disableSuppressAccessibilityService: true, goog:chromeOptions: {}, nativeWebScreenshot: true, newCommandTimeout: 0, platformName: Android, skipServerInstallation: true, systemPort: 8202, udid: R5CT238SA9L}, appium:deviceApiLevel: 31, appium:deviceManufacturer: samsung, appium:deviceModel: SM-S908E, appium:deviceName: R5CT238SA9L, appium:deviceScreenDensity: 450, appium:deviceScreenSize: 1080x2316, appium:deviceUDID: R5CT238SA9L, appium:disableSuppressAccessibilityService: true, appium:javascriptEnabled: true, appium:locationContextEnabled: false, appium:nativeWebScreenshot: true, appium:networkConnectionEnabled: true, appium:newCommandTimeout: 0, appium:optimalHubUrl: hub-aps.browserstack.com, appium:pixelRatio: 2.8125, appium:platformVersion: 12, appium:skipServerInstallation: true, appium:statBarHeight: 75, appium:systemPort: 8202, appium:takesScreenshot: true, appium:udid: R5CT238SA9L, appium:viewportRect: {height: 2031, left: 0, top: 75, width: 1080}, appium:warnings: {}, appium:webStorageEnabled: false, bstack:options: {buildIdentifier: #4, disableAnimations: true, hostName: PNQ1-LHP-N91337, localIdentifier: 29_Mar_055_PNQ1_LHP_N91337_...}, goog:chromeOptions: {}, platformName: ANDROID}
Session ID: abdce8ed895b7163cac4f5201a1a452c2444be5d
at java.base/jdk.internal.reflect.DirectConstructorHandleAccessor.newInstance(DirectConstructorHandleAccessor.java:62)
at java.base/java.lang.reflect.Constructor.newInstanceWithCaller(Constructor.java:502)
at java.base/java.lang.reflect.Constructor.newInstance(Constructor.java:486)
at org.openqa.selenium.remote.ErrorCodec.decode(ErrorCodec.java:167)
at org.openqa.selenium.remote.codec.w3c.W3CHttpResponseCodec.decode(W3CHttpResponseCodec.java:138)
at org.openqa.selenium.remote.codec.w3c.W3CHttpResponseCodec.decode(W3CHttpResponseCodec.java:50)
at org.openqa.selenium.remote.HttpCommandExecutor.execute(HttpCommandExecutor.java:215)
at io.appium.java_client.remote.AppiumCommandExecutor.execute(AppiumCommandExecutor.java:243)
at org.openqa.selenium.remote.RemoteWebDriver.execute(RemoteWebDriver.java:545)
at org.openqa.selenium.remote.RemoteWebDriver.executeScript(RemoteWebDriver.java:476)
at ord.deepakjagtap.utils.AndroidActions.longPressAction(AndroidActions.java:21)
at org.deepakjagtap.pageObjects.android.CartPage.acceptTermsConditions(CartPage.java:65)
at org.deepakjagtap.eCommTestCases.verifyUserCanAddMultipleItemsInCartAndCheckTotalOfAllCartItemsPriceAndMakeOrder(eCommTestCases.java:31)
at java.base/jdk.internal.reflect.DirectMethodHandleAccessor.invoke(DirectMethodHandleAccessor.java:103)
at java.base/java.lang.reflect.Method.invoke(Method.java:580)
at org.testng.internal.invokers.MethodInvocationHelper.invokeMethod(MethodInvocationHelper.java:141)
at org.testng.internal.invokers.TestInvoker.invokeMethod(TestInvoker.java:687)
at org.testng.internal.invokers.TestInvoker.invokeTestMethod(TestInvoker.java:230)
at org.testng.internal.invokers.MethodRunner.runInSequence(MethodRunner.java:63)
at org.testng.internal.invokers.TestInvoker$MethodInvocationAgent.invoke(TestInvoker.java:995)
at org.testng.internal.invokers.TestInvoker.invokeTestMethods(TestInvoker.java:203)
at org.testng.internal.invokers.TestMethodWorker.invokeTestMethods(TestMethodWorker.java:154)
at org.testng.internal.invokers.TestMethodWorker.run(TestMethodWorker.java:134)
at java.base/java.util.ArrayList.forEach(ArrayList.java:1596)
at org.testng.TestRunner.privateRun(TestRunner.java:741)
at org.testng.TestRunner.run(TestRunner.java:616)
at org.testng.SuiteRunner.runTest(SuiteRunner.java:421)
at org.testng.SuiteRunner$SuiteWorker.run(SuiteRunner.java:463)
at org.testng.internal.thread.ThreadUtil.lambda$execute$0(ThreadUtil.java:64)
at java.base/java.util.concurrent.FutureTask.run(FutureTask.java:317)
at java.base/java.util.concurrent.ThreadPoolExecutor.runWorker(ThreadPoolExecutor.java:1144)
at java.base/java.util.concurrent.ThreadPoolExecutor$Worker.run(ThreadPoolExecutor.java:642)
at java.base/java.lang.Thread.run(Thread.java:1583)
]]>
    </error>
  </testcase> <!-- verifyUserCanAddMultipleItemsInCartAndCheckTotalOfAllCartItemsPriceAndMakeOrder -->
</testsuite> <!-- org.deepakjagtap.eCommTestCases -->
