<?xml version="1.0" encoding="UTF-8"?>
<!-- Generated by org.testng.reporters.JUnitReportReporter -->
<testsuite hostname="PNQ1-LHP-N91337" failures="0" tests="3" name="org.deepakjagtap.TC_003_addToCart" time="136.279" errors="0" timestamp="2025-03-29T00:59:31 IST" skipped="0">
  <testcase classname="org.deepakjagtap.TC_003_addToCart" name="verifyUserCanAddProductInCart_TC_003" time="41.549"/>
  <testcase classname="org.deepakjagtap.TC_003_addToCart" name="verifyUserCanAddProductInCart_TC_003" time="45.306"/>
  <testcase classname="org.deepakjagtap.TC_003_addToCart" name="verifyUserCanAddProductInCart_TC_003" time="49.424"/>
</testsuite> <!-- org.deepakjagtap.TC_003_addToCart -->
