<?xml version="1.0" encoding="UTF-8"?>
<!-- Generated by org.testng.reporters.JUnitReportReporter -->
<testsuite hostname="PNQ1-LHP-N91337" failures="0" tests="1" name="org.deepakjagtap.TestCase" time="17.602" errors="0" timestamp="2025-04-13T18:50:59 IST" skipped="0">
  <testcase classname="org.deepakjagtap.TestCase" name="verifyUserCanFillForm" time="17.602"/>
</testsuite> <!-- org.deepakjagtap.TestCase -->
