<?xml version="1.0" encoding="UTF-8"?>
<!-- Generated by org.testng.reporters.JUnitReportReporter -->
<testsuite hostname="PNQ1-LHP-N91337" failures="0" tests="1" name="org.deepakjagtap.ExtentReports.ExtentReportsDemo" time="2.973" errors="0" timestamp="2025-03-29T15:29:20 IST" skipped="0">
  <testcase classname="org.deepakjagtap.ExtentReports.ExtentReportsDemo" name="testDemoForExtentReports" time="2.973"/>
</testsuite> <!-- org.deepakjagtap.ExtentReports.ExtentReportsDemo -->
